2022-03-08 19:21:53,088 INFO c.i.i.InterviewsApplication [main]
Starting InterviewsApplication using Java 1.8.0_291 on DESKTOP-4TQPV7G with PID 15108
(E:\Projects\InterviewsApp\target\classes started by Israel in E:\Projects\InterviewsApp)
2022-03-08 19:21:53,092 DEBUG c.i.i.InterviewsApplication [main] Running with Spring Boot v2.6.4, Spring v5.3.16
2022-03-08 19:21:53,092 INFO c.i.i.InterviewsApplication [main] No active profile set, falling back to 1 default profile: "default"
2022-03-08 19:21:56,813 INFO c.i.i.InterviewsApplication [main] Started InterviewsApplication in 3.933 seconds (JVM running for 4.769)
2022-03-08 19:21:56,876 ERROR o.h.e.j.s.SqlExceptionHelper [main] ORA-00942: la tabla o vista no existe

2022-03-08 19:24:08,406 INFO c.i.i.InterviewsApplication [main] Starting InterviewsApplication using Java 1.8.0_291 on DESKTOP-4TQPV7G with PID 1580 (E:\Projects\InterviewsApp\target\classes started by Israel in E:\Projects\InterviewsApp)
2022-03-08 19:24:08,410 DEBUG c.i.i.InterviewsApplication [main] Running with Spring Boot v2.6.4, Spring v5.3.16
2022-03-08 19:24:08,411 INFO c.i.i.InterviewsApplication [main] No active profile set, falling back to 1 default profile: "default"
2022-03-08 19:24:12,104 INFO c.i.i.InterviewsApplication [main] Started InterviewsApplication in 3.914 seconds (JVM running for 4.623)
2022-03-08 19:24:12,170 ERROR o.h.e.j.s.SqlExceptionHelper [main] ORA-00942: la tabla o vista no existe

2022-03-08 19:25:51,758 INFO c.i.i.InterviewsApplication [main] Starting InterviewsApplication using Java 1.8.0_291 on DESKTOP-4TQPV7G with PID 22524 (E:\Projects\InterviewsApp\target\classes started by Israel in E:\Projects\InterviewsApp)
2022-03-08 19:25:51,762 DEBUG c.i.i.InterviewsApplication [main] Running with Spring Boot v2.6.4, Spring v5.3.16
2022-03-08 19:25:51,763 INFO c.i.i.InterviewsApplication [main] No active profile set, falling back to 1 default profile: "default"
2022-03-08 19:25:55,480 INFO c.i.i.InterviewsApplication [main] Started InterviewsApplication in 3.921 seconds (JVM running for 4.642)
2022-03-08 19:25:55,546 ERROR o.h.e.j.s.SqlExceptionHelper [main] ORA-00942: la tabla o vista no existe

2022-03-08 19:27:26,283 INFO c.i.i.InterviewsApplication [main] Starting InterviewsApplication using Java 1.8.0_291 on DESKTOP-4TQPV7G with PID 12492 (E:\Projects\InterviewsApp\target\classes started by Israel in E:\Projects\InterviewsApp)
2022-03-08 19:27:26,288 DEBUG c.i.i.InterviewsApplication [main] Running with Spring Boot v2.6.4, Spring v5.3.16
2022-03-08 19:27:26,288 INFO c.i.i.InterviewsApplication [main] No active profile set, falling back to 1 default profile: "default"
2022-03-08 19:27:29,938 INFO c.i.i.InterviewsApplication [main] Started InterviewsApplication in 3.855 seconds (JVM running for 4.545)
2022-03-08 19:27:46,887 INFO c.i.i.InterviewsApplication [main] Starting InterviewsApplication using Java 1.8.0_291 on DESKTOP-4TQPV7G with PID 13972 (E:\Projects\InterviewsApp\target\classes started by Israel in E:\Projects\InterviewsApp)
2022-03-08 19:27:46,891 DEBUG c.i.i.InterviewsApplication [main] Running with Spring Boot v2.6.4, Spring v5.3.16
2022-03-08 19:27:46,892 INFO c.i.i.InterviewsApplication [main] No active profile set, falling back to 1 default profile: "default"
2022-03-08 19:27:50,944 INFO c.i.i.InterviewsApplication [main] Started InterviewsApplication in 4.281 seconds (JVM running for 5.341)
2022-03-08 19:28:23,069 ERROR o.h.e.j.s.SqlExceptionHelper [main] ORA-00942: la tabla o vista no existe

2022-03-08 19:29:19,210 ERROR o.h.e.j.s.SqlExceptionHelper [main] ORA-00942: la tabla o vista no existe

2022-03-08 19:29:56,373 ERROR o.h.e.j.s.SqlExceptionHelper [main] ORA-00942: la tabla o vista no existe

2022-03-08 19:30:23,342 INFO c.i.i.InterviewsApplication [main] Starting InterviewsApplication using Java 1.8.0_291 on DESKTOP-4TQPV7G with PID 21560 (E:\Projects\InterviewsApp\target\classes started by Israel in E:\Projects\InterviewsApp)
2022-03-08 19:30:23,346 DEBUG c.i.i.InterviewsApplication [main] Running with Spring Boot v2.6.4, Spring v5.3.16
2022-03-08 19:30:23,347 INFO c.i.i.InterviewsApplication [main] No active profile set, falling back to 1 default profile: "default"
2022-03-08 19:30:27,290 INFO c.i.i.InterviewsApplication [main] Started InterviewsApplication in 4.176 seconds (JVM running for 5.015)
2022-03-08 19:30:31,567 ERROR o.h.e.j.s.SqlExceptionHelper [main] ORA-00942: la tabla o vista no existe

2022-03-08 19:30:35,809 ERROR o.h.e.j.s.SqlExceptionHelper [main] ORA-00942: la tabla o vista no existe

2022-03-08 19:30:43,563 ERROR o.h.e.j.s.SqlExceptionHelper [main] ORA-00942: la tabla o vista no existe

2022-03-08 19:32:10,505 INFO c.i.i.InterviewsApplication [main] Starting InterviewsApplication using Java 1.8.0_291 on DESKTOP-4TQPV7G with PID 9160 (E:\Projects\InterviewsApp\target\classes started by Israel in E:\Projects\InterviewsApp)
2022-03-08 19:32:10,509 DEBUG c.i.i.InterviewsApplication [main] Running with Spring Boot v2.6.4, Spring v5.3.16
2022-03-08 19:32:10,510 INFO c.i.i.InterviewsApplication [main] No active profile set, falling back to 1 default profile: "default"
2022-03-08 19:32:14,568 INFO c.i.i.InterviewsApplication [main] Started InterviewsApplication in 4.293 seconds (JVM running for 5.151)
2022-03-08 19:32:19,308 ERROR o.h.e.j.s.SqlExceptionHelper [main] ORA-00942: la tabla o vista no existe

2022-03-08 19:32:21,928 ERROR o.h.e.j.s.SqlExceptionHelper [main] ORA-00942: la tabla o vista no existe

2022-03-08 19:32:50,806 INFO c.i.i.InterviewsApplication [main] Starting InterviewsApplication using Java 1.8.0_291 on DESKTOP-4TQPV7G with PID 9496 (E:\Projects\InterviewsApp\target\classes started by Israel in E:\Projects\InterviewsApp)
2022-03-08 19:32:50,811 DEBUG c.i.i.InterviewsApplication [main] Running with Spring Boot v2.6.4, Spring v5.3.16
2022-03-08 19:32:50,811 INFO c.i.i.InterviewsApplication [main] No active profile set, falling back to 1 default profile: "default"
2022-03-08 19:32:54,852 INFO c.i.i.InterviewsApplication [main] Started InterviewsApplication in 4.27 seconds (JVM running for 5.121)
2022-03-08 19:33:21,478 ERROR o.h.e.j.s.SqlExceptionHelper [main] ORA-00942: la tabla o vista no existe

2022-03-08 19:33:27,332 ERROR o.h.e.j.s.SqlExceptionHelper [main] ORA-00942: la tabla o vista no existe

2022-03-08 19:43:46,327 INFO c.i.i.InterviewsApplication [main] Starting InterviewsApplication using Java 1.8.0_291 on DESKTOP-4TQPV7G with PID 9900 (E:\Projects\InterviewsApp\target\classes started by Israel in E:\Projects\InterviewsApp)
2022-03-08 19:43:46,332 DEBUG c.i.i.InterviewsApplication [main] Running with Spring Boot v2.6.4, Spring v5.3.16
2022-03-08 19:43:46,332 INFO c.i.i.InterviewsApplication [main] No active profile set, falling back to 1 default profile: "default"
2022-03-08 19:43:50,442 INFO c.i.i.InterviewsApplication [main] Started InterviewsApplication in 4.348 seconds (JVM running for 5.131)
2022-03-08 19:43:54,236 ERROR o.h.e.j.s.SqlExceptionHelper [main] ORA-00942: la tabla o vista no existe

2022-03-08 19:43:59,488 ERROR o.h.e.j.s.SqlExceptionHelper [main] ORA-00942: la tabla o vista no existe

2022-03-08 19:45:25,222 INFO c.i.i.InterviewsApplication [main] Starting InterviewsApplication using Java 1.8.0_291 on DESKTOP-4TQPV7G with PID 7496 (E:\Projects\InterviewsApp\target\classes started by Israel in E:\Projects\InterviewsApp)
2022-03-08 19:45:25,227 DEBUG c.i.i.InterviewsApplication [main] Running with Spring Boot v2.6.4, Spring v5.3.16
2022-03-08 19:45:25,228 INFO c.i.i.InterviewsApplication [main] No active profile set, falling back to 1 default profile: "default"
2022-03-08 19:45:29,353 INFO c.i.i.InterviewsApplication [main] Started InterviewsApplication in 4.365 seconds (JVM running for 5.241)
2022-03-08 19:45:33,665 ERROR o.h.e.j.s.SqlExceptionHelper [main] ORA-00942: la tabla o vista no existe

2022-03-08 19:45:36,065 ERROR o.h.e.j.s.SqlExceptionHelper [main] ORA-00942: la tabla o vista no existe

2022-03-08 19:47:43,124 INFO c.i.i.InterviewsApplication [main] Starting InterviewsApplication using Java 1.8.0_291 on DESKTOP-4TQPV7G with PID 6644 (E:\Projects\InterviewsApp\target\classes started by Israel in E:\Projects\InterviewsApp)
2022-03-08 19:47:43,129 DEBUG c.i.i.InterviewsApplication [main] Running with Spring Boot v2.6.4, Spring v5.3.16
2022-03-08 19:47:43,129 INFO c.i.i.InterviewsApplication [main] No active profile set, falling back to 1 default profile: "default"
2022-03-08 19:47:45,927 ERROR o.s.o.j.LocalContainerEntityManagerFactoryBean [main] Failed to initialize JPA EntityManagerFactory: [PersistenceUnit: default] Unable to build Hibernate SessionFactory; nested exception is org.hibernate.MappingException: Could not instantiate id generator [entity-name=com.isantospro.interviews.data.StatusInterview]
2022-03-08 19:49:05,402 INFO c.i.i.InterviewsApplication [main] Starting InterviewsApplication using Java 1.8.0_291 on DESKTOP-4TQPV7G with PID 21808 (E:\Projects\InterviewsApp\target\classes started by Israel in E:\Projects\InterviewsApp)
2022-03-08 19:49:05,406 DEBUG c.i.i.InterviewsApplication [main] Running with Spring Boot v2.6.4, Spring v5.3.16
2022-03-08 19:49:05,407 INFO c.i.i.InterviewsApplication [main] No active profile set, falling back to 1 default profile: "default"
2022-03-08 19:49:08,653 INFO c.i.i.InterviewsApplication [main] Started InterviewsApplication in 3.454 seconds (JVM running for 4.197)
2022-03-08 19:49:08,732 INFO c.i.i.u.AppStartupEvent [main] StatusInterview(id=1, name=Active, date=2022-03-08)
2022-03-08 20:41:10,333 INFO c.i.i.InterviewsApplication [main] Starting InterviewsApplication using Java 1.8.0_291 on DESKTOP-4TQPV7G with PID 12212 (E:\Projects\InterviewsApp\target\classes started by Israel in E:\Projects\InterviewsApp)
2022-03-08 20:41:10,337 DEBUG c.i.i.InterviewsApplication [main] Running with Spring Boot v2.6.4, Spring v5.3.16
2022-03-08 20:41:10,337 INFO c.i.i.InterviewsApplication [main] No active profile set, falling back to 1 default profile: "default"
2022-03-08 20:45:55,311 INFO c.i.i.InterviewsApplication [main] Starting InterviewsApplication using Java 1.8.0_291 on DESKTOP-4TQPV7G with PID 3412 (E:\Projects\InterviewsApp\target\classes started by Israel in E:\Projects\InterviewsApp)
2022-03-08 20:45:55,315 DEBUG c.i.i.InterviewsApplication [main] Running with Spring Boot v2.6.4, Spring v5.3.16
2022-03-08 20:45:55,315 INFO c.i.i.InterviewsApplication [main] No active profile set, falling back to 1 default profile: "default"
2022-03-08 20:46:51,518 INFO c.i.i.InterviewsApplication [main] Starting InterviewsApplication using Java 1.8.0_291 on DESKTOP-4TQPV7G with PID 11964 (E:\Projects\InterviewsApp\target\classes started by Israel in E:\Projects\InterviewsApp)
2022-03-08 20:46:51,522 DEBUG c.i.i.InterviewsApplication [main] Running with Spring Boot v2.6.4, Spring v5.3.16
2022-03-08 20:46:51,523 INFO c.i.i.InterviewsApplication [main] No active profile set, falling back to 1 default profile: "default"
2022-03-08 20:46:54,844 INFO c.i.i.InterviewsApplication [main] Started InterviewsApplication in 3.528 seconds (JVM running for 4.257)
2022-03-08 20:46:54,918 INFO c.i.i.u.AppStartupEvent [main] StatusInterview(id=1, name=Active, date=2022-03-08)
2022-03-08 20:59:02,254 INFO c.i.i.InterviewsApplication [main] Starting InterviewsApplication using Java 1.8.0_291 on DESKTOP-4TQPV7G with PID 10164 (E:\Projects\InterviewsApp\target\classes started by Israel in E:\Projects\InterviewsApp)
2022-03-08 20:59:02,258 DEBUG c.i.i.InterviewsApplication [main] Running with Spring Boot v2.6.4, Spring v5.3.16
2022-03-08 20:59:02,258 INFO c.i.i.InterviewsApplication [main] No active profile set, falling back to 1 default profile: "default"
2022-03-08 20:59:05,536 INFO c.i.i.InterviewsApplication [main] Started InterviewsApplication in 3.491 seconds (JVM running for 4.211)
2022-03-08 20:59:05,613 INFO c.i.i.u.AppStartupEvent [main] StatusInterview(id=1, name=Active, date=2022-03-08)
2022-03-08 21:01:01,170 INFO c.i.i.InterviewsApplication [main] Starting InterviewsApplication using Java 1.8.0_291 on DESKTOP-4TQPV7G with PID 18956 (E:\Projects\InterviewsApp\target\classes started by Israel in E:\Projects\InterviewsApp)
2022-03-08 21:01:01,175 DEBUG c.i.i.InterviewsApplication [main] Running with Spring Boot v2.6.4, Spring v5.3.16
2022-03-08 21:01:01,175 INFO c.i.i.InterviewsApplication [main] No active profile set, falling back to 1 default profile: "default"
2022-03-08 21:01:04,411 INFO c.i.i.InterviewsApplication [main] Started InterviewsApplication in 3.46 seconds (JVM running for 4.186)
2022-03-08 21:01:04,487 INFO c.i.i.u.AppStartupEvent [main] StatusInterview(id=1, name=Active, date=2022-03-08)
2022-03-08 21:04:11,948 INFO c.i.i.InterviewsApplication [main] Starting InterviewsApplication using Java 1.8.0_291 on DESKTOP-4TQPV7G with PID 10284 (E:\Projects\InterviewsApp\target\classes started by Israel in E:\Projects\InterviewsApp)
2022-03-08 21:04:11,953 DEBUG c.i.i.InterviewsApplication [main] Running with Spring Boot v2.6.4, Spring v5.3.16
2022-03-08 21:04:11,953 INFO c.i.i.InterviewsApplication [main] No active profile set, falling back to 1 default profile: "default"
2022-03-08 21:04:15,243 INFO c.i.i.InterviewsApplication [main] Started InterviewsApplication in 3.494 seconds (JVM running for 4.186)
2022-03-08 21:04:15,316 INFO c.i.i.u.AppStartupEvent [main] StatusInterview(id=1, name=Active, date=2022-03-08)
2022-03-08 21:06:48,598 INFO c.i.i.InterviewsApplication [main] Starting InterviewsApplication using Java 1.8.0_291 on DESKTOP-4TQPV7G with PID 22916 (E:\Projects\InterviewsApp\target\classes started by Israel in E:\Projects\InterviewsApp)
2022-03-08 21:06:48,602 DEBUG c.i.i.InterviewsApplication [main] Running with Spring Boot v2.6.4, Spring v5.3.16
2022-03-08 21:06:48,602 INFO c.i.i.InterviewsApplication [main] No active profile set, falling back to 1 default profile: "default"
2022-03-08 21:06:52,064 INFO c.i.i.InterviewsApplication [main] Started InterviewsApplication in 3.668 seconds (JVM running for 4.385)
2022-03-08 21:06:52,243 INFO c.i.i.u.AppStartupEvent [main] StatusInterview(id=1, name=Active, date=2022-03-08)
2022-03-08 21:08:20,010 INFO c.i.i.InterviewsApplication [main] Starting InterviewsApplication using Java 1.8.0_291 on DESKTOP-4TQPV7G with PID 8664 (E:\Projects\InterviewsApp\target\classes started by Israel in E:\Projects\InterviewsApp)
2022-03-08 21:08:20,014 DEBUG c.i.i.InterviewsApplication [main] Running with Spring Boot v2.6.4, Spring v5.3.16
2022-03-08 21:08:20,014 INFO c.i.i.InterviewsApplication [main] No active profile set, falling back to 1 default profile: "default"
2022-03-08 21:08:23,550 INFO c.i.i.InterviewsApplication [main] Started InterviewsApplication in 3.76 seconds (JVM running for 4.526)
2022-03-08 21:08:23,640 INFO c.i.i.u.AppStartupEvent [main] StatusInterview(id=1, name=Active, date=2022-03-08)
2022-03-08 21:13:37,661 INFO c.i.i.InterviewsApplication [main] Starting InterviewsApplication using Java 1.8.0_291 on DESKTOP-4TQPV7G with PID 18504 (E:\Projects\InterviewsApp\target\classes started by Israel in E:\Projects\InterviewsApp)
2022-03-08 21:13:37,665 DEBUG c.i.i.InterviewsApplication [main] Running with Spring Boot v2.6.4, Spring v5.3.16
2022-03-08 21:13:37,665 INFO c.i.i.InterviewsApplication [main] No active profile set, falling back to 1 default profile: "default"
2022-03-08 21:13:40,992 INFO c.i.i.InterviewsApplication [main] Started InterviewsApplication in 3.531 seconds (JVM running for 4.252)
2022-03-08 21:13:41,074 INFO c.i.i.u.AppStartupEvent [main] StatusInterview(id=1, name=Active, date=2022-03-08)
2022-03-08 21:14:59,313 INFO c.i.i.InterviewsApplication [main] Starting InterviewsApplication using Java 1.8.0_291 on DESKTOP-4TQPV7G with PID 2196 (E:\Projects\InterviewsApp\target\classes started by Israel in E:\Projects\InterviewsApp)
2022-03-08 21:14:59,317 DEBUG c.i.i.InterviewsApplication [main] Running with Spring Boot v2.6.4, Spring v5.3.16
2022-03-08 21:14:59,317 INFO c.i.i.InterviewsApplication [main] No active profile set, falling back to 1 default profile: "default"
2022-03-08 21:15:02,606 INFO c.i.i.InterviewsApplication [main] Started InterviewsApplication in 3.506 seconds (JVM running for 4.251)
2022-03-08 21:15:02,681 INFO c.i.i.u.AppStartupEvent [main] StatusInterview(id=1, name=Active, date=2022-03-08)
2022-03-10 21:12:31,884 INFO c.i.i.InterviewsApplication [main] Starting InterviewsApplication using Java 1.8.0_291 on DESKTOP-4TQPV7G with PID 23256 (E:\Projects\InterviewsApp\target\classes started by Israel in E:\Projects\InterviewsApp)
2022-03-10 21:12:31,901 DEBUG c.i.i.InterviewsApplication [main] Running with Spring Boot v2.6.4, Spring v5.3.16
2022-03-10 21:12:31,902 INFO c.i.i.InterviewsApplication [main] No active profile set, falling back to 1 default profile: "default"
2022-03-10 21:12:34,543 INFO c.i.i.InterviewsApplication [main] Started InterviewsApplication in 2.874 seconds (JVM running for 3.674)
2022-03-10 21:12:34,635 INFO c.i.i.u.AppStartupEvent [main] StatusInterview(id=1, name=Active, date=2022-03-08)
2022-03-11 08:32:21,863 INFO c.i.i.InterviewsApplication [main] Starting InterviewsApplication using Java 1.8.0_291 on DESKTOP-4TQPV7G with PID 26836 (E:\Projects\InterviewsApp\target\classes started by Israel in E:\Projects\InterviewsApp)
2022-03-11 08:32:21,868 DEBUG c.i.i.InterviewsApplication [main] Running with Spring Boot v2.6.4, Spring v5.3.16
2022-03-11 08:32:21,868 INFO c.i.i.InterviewsApplication [main] No active profile set, falling back to 1 default profile: "default"
2022-03-11 08:32:25,272 INFO c.i.i.InterviewsApplication [main] Started InterviewsApplication in 3.63 seconds (JVM running for 4.403)
2022-03-11 08:32:25,356 INFO c.i.i.u.AppStartupEvent [main] StatusInterview(id=1, name=Active, date=2022-03-08)
2022-03-11 08:32:25,370 ERROR o.h.e.j.s.SqlExceptionHelper [main] ORA-00904: "COMMENTS0_"."PI_ID": identificador no válido

2022-03-11 08:35:18,952 INFO c.i.i.InterviewsApplication [main] Starting InterviewsApplication using Java 1.8.0_291 on DESKTOP-4TQPV7G with PID 1820 (E:\Projects\InterviewsApp\target\classes started by Israel in E:\Projects\InterviewsApp)
2022-03-11 08:35:18,956 DEBUG c.i.i.InterviewsApplication [main] Running with Spring Boot v2.6.4, Spring v5.3.16
2022-03-11 08:35:18,957 INFO c.i.i.InterviewsApplication [main] No active profile set, falling back to 1 default profile: "default"
2022-03-11 08:35:22,256 INFO c.i.i.InterviewsApplication [main] Started InterviewsApplication in 3.503 seconds (JVM running for 4.231)
2022-03-11 08:35:22,328 INFO c.i.i.u.AppStartupEvent [main] StatusInterview(id=1, name=Active, date=2022-03-08)
2022-03-11 08:35:22,343 ERROR o.h.e.j.s.SqlExceptionHelper [main] ORA-00904: "COMMENTS0_"."PI_ID": identificador no válido

2022-03-11 08:42:18,435 INFO c.i.i.InterviewsApplication [main] Starting InterviewsApplication using Java 1.8.0_291 on DESKTOP-4TQPV7G with PID 13180 (E:\Projects\InterviewsApp\target\classes started by Israel in E:\Projects\InterviewsApp)
2022-03-11 08:42:18,439 DEBUG c.i.i.InterviewsApplication [main] Running with Spring Boot v2.6.4, Spring v5.3.16
2022-03-11 08:42:18,439 INFO c.i.i.InterviewsApplication [main] No active profile set, falling back to 1 default profile: "default"
2022-03-11 08:42:21,789 INFO c.i.i.InterviewsApplication [main] Started InterviewsApplication in 3.568 seconds (JVM running for 4.298)
2022-03-17 20:00:31,403 INFO c.i.i.InterviewsApplication [main] Starting InterviewsApplication using Java 1.8.0_291 on DESKTOP-4TQPV7G with PID 30036 (E:\Projects\InterviewsApp\target\classes started by Israel in E:\Projects\InterviewsApp)
2022-03-17 20:00:31,417 DEBUG c.i.i.InterviewsApplication [main] Running with Spring Boot v2.6.4, Spring v5.3.16
2022-03-17 20:00:31,417 INFO c.i.i.InterviewsApplication [main] No active profile set, falling back to 1 default profile: "default"
2022-03-17 20:00:35,955 ERROR c.z.h.p.HikariPool [main] HikariPool-1 - Exception during pool initialization.
java.sql.SQLRecoverableException: Error de E/S: The Network Adapter could not establish the connection (CONNECTION_ID=UbCzW6KiTv+M242iYLq/bQ==)
	at oracle.jdbc.driver.T4CConnection.handleLogonNetException(T4CConnection.java:872) ~[ojdbc8-21.3.0.0.jar:21.3.0.0.0]
	at oracle.jdbc.driver.T4CConnection.logon(T4CConnection.java:677) ~[ojdbc8-21.3.0.0.jar:21.3.0.0.0]
	at oracle.jdbc.driver.PhysicalConnection.connect(PhysicalConnection.java:1039) ~[ojdbc8-21.3.0.0.jar:21.3.0.0.0]
	at oracle.jdbc.driver.T4CDriverExtension.getConnection(T4CDriverExtension.java:90) ~[ojdbc8-21.3.0.0.jar:21.3.0.0.0]
	at oracle.jdbc.driver.OracleDriver.connect(OracleDriver.java:728) ~[ojdbc8-21.3.0.0.jar:21.3.0.0.0]
	at oracle.jdbc.driver.OracleDriver.connect(OracleDriver.java:649) ~[ojdbc8-21.3.0.0.jar:21.3.0.0.0]
	at com.zaxxer.hikari.util.DriverDataSource.getConnection(DriverDataSource.java:138) ~[HikariCP-4.0.3.jar:?]
	at com.zaxxer.hikari.pool.PoolBase.newConnection(PoolBase.java:364) ~[HikariCP-4.0.3.jar:?]
	at com.zaxxer.hikari.pool.PoolBase.newPoolEntry(PoolBase.java:206) ~[HikariCP-4.0.3.jar:?]
	at com.zaxxer.hikari.pool.HikariPool.createPoolEntry(HikariPool.java:476) ~[HikariCP-4.0.3.jar:?]
	at com.zaxxer.hikari.pool.HikariPool.checkFailFast(HikariPool.java:561) ~[HikariCP-4.0.3.jar:?]
	at com.zaxxer.hikari.pool.HikariPool.<init>(HikariPool.java:115) ~[HikariCP-4.0.3.jar:?]
	at com.zaxxer.hikari.HikariDataSource.getConnection(HikariDataSource.java:112) ~[HikariCP-4.0.3.jar:?]
	at org.springframework.jdbc.datasource.DataSourceUtils.fetchConnection(DataSourceUtils.java:159) ~[spring-jdbc-5.3.16.jar:5.3.16]
	at org.springframework.jdbc.datasource.DataSourceUtils.doGetConnection(DataSourceUtils.java:117) ~[spring-jdbc-5.3.16.jar:5.3.16]
	at org.springframework.jdbc.datasource.DataSourceUtils.getConnection(DataSourceUtils.java:80) ~[spring-jdbc-5.3.16.jar:5.3.16]
	at org.springframework.jdbc.core.JdbcTemplate.execute(JdbcTemplate.java:330) ~[spring-jdbc-5.3.16.jar:5.3.16]
	at org.springframework.boot.jdbc.EmbeddedDatabaseConnection.isEmbedded(EmbeddedDatabaseConnection.java:162) ~[spring-boot-2.6.4.jar:2.6.4]
	at org.springframework.boot.jdbc.init.DataSourceScriptDatabaseInitializer.isEmbeddedDatabase(DataSourceScriptDatabaseInitializer.java:70) ~[spring-boot-2.6.4.jar:2.6.4]
	at org.springframework.boot.sql.init.AbstractScriptDatabaseInitializer.isEnabled(AbstractScriptDatabaseInitializer.java:83) ~[spring-boot-2.6.4.jar:2.6.4]
	at org.springframework.boot.sql.init.AbstractScriptDatabaseInitializer.applyScripts(AbstractScriptDatabaseInitializer.java:106) ~[spring-boot-2.6.4.jar:2.6.4]
	at org.springframework.boot.sql.init.AbstractScriptDatabaseInitializer.applySchemaScripts(AbstractScriptDatabaseInitializer.java:97) ~[spring-boot-2.6.4.jar:2.6.4]
	at org.springframework.boot.sql.init.AbstractScriptDatabaseInitializer.initializeDatabase(AbstractScriptDatabaseInitializer.java:75) ~[spring-boot-2.6.4.jar:2.6.4]
	at org.springframework.boot.sql.init.AbstractScriptDatabaseInitializer.afterPropertiesSet(AbstractScriptDatabaseInitializer.java:65) ~[spring-boot-2.6.4.jar:2.6.4]
	at org.springframework.beans.factory.support.AbstractAutowireCapableBeanFactory.invokeInitMethods(AbstractAutowireCapableBeanFactory.java:1863) ~[spring-beans-5.3.16.jar:5.3.16]
	at org.springframework.beans.factory.support.AbstractAutowireCapableBeanFactory.initializeBean(AbstractAutowireCapableBeanFactory.java:1800) ~[spring-beans-5.3.16.jar:5.3.16]
	at org.springframework.beans.factory.support.AbstractAutowireCapableBeanFactory.doCreateBean(AbstractAutowireCapableBeanFactory.java:620) ~[spring-beans-5.3.16.jar:5.3.16]
	at org.springframework.beans.factory.support.AbstractAutowireCapableBeanFactory.createBean(AbstractAutowireCapableBeanFactory.java:542) ~[spring-beans-5.3.16.jar:5.3.16]
	at org.springframework.beans.factory.support.AbstractBeanFactory.lambda$doGetBean$0(AbstractBeanFactory.java:335) ~[spring-beans-5.3.16.jar:5.3.16]
	at org.springframework.beans.factory.support.DefaultSingletonBeanRegistry.getSingleton(DefaultSingletonBeanRegistry.java:234) [spring-beans-5.3.16.jar:5.3.16]
	at org.springframework.beans.factory.support.AbstractBeanFactory.doGetBean(AbstractBeanFactory.java:333) [spring-beans-5.3.16.jar:5.3.16]
	at org.springframework.beans.factory.support.AbstractBeanFactory.getBean(AbstractBeanFactory.java:208) [spring-beans-5.3.16.jar:5.3.16]
	at org.springframework.beans.factory.support.AbstractBeanFactory.doGetBean(AbstractBeanFactory.java:322) [spring-beans-5.3.16.jar:5.3.16]
	at org.springframework.beans.factory.support.AbstractBeanFactory.getBean(AbstractBeanFactory.java:208) [spring-beans-5.3.16.jar:5.3.16]
	at org.springframework.context.support.AbstractApplicationContext.getBean(AbstractApplicationContext.java:1154) [spring-context-5.3.16.jar:5.3.16]
	at org.springframework.context.support.AbstractApplicationContext.finishBeanFactoryInitialization(AbstractApplicationContext.java:908) [spring-context-5.3.16.jar:5.3.16]
	at org.springframework.context.support.AbstractApplicationContext.refresh(AbstractApplicationContext.java:583) [spring-context-5.3.16.jar:5.3.16]
	at org.springframework.boot.web.servlet.context.ServletWebServerApplicationContext.refresh(ServletWebServerApplicationContext.java:145) [spring-boot-2.6.4.jar:2.6.4]
	at org.springframework.boot.SpringApplication.refresh(SpringApplication.java:740) [spring-boot-2.6.4.jar:2.6.4]
	at org.springframework.boot.SpringApplication.refreshContext(SpringApplication.java:415) [spring-boot-2.6.4.jar:2.6.4]
	at org.springframework.boot.SpringApplication.run(SpringApplication.java:303) [spring-boot-2.6.4.jar:2.6.4]
	at org.springframework.boot.SpringApplication.run(SpringApplication.java:1312) [spring-boot-2.6.4.jar:2.6.4]
	at org.springframework.boot.SpringApplication.run(SpringApplication.java:1301) [spring-boot-2.6.4.jar:2.6.4]
	at com.isantospro.interviews.InterviewsApplication.main(InterviewsApplication.java:10) [classes/:?]
Caused by: oracle.net.ns.NetException: The Network Adapter could not establish the connection (CONNECTION_ID=UbCzW6KiTv+M242iYLq/bQ==)
	at oracle.net.nt.ConnStrategy.execute(ConnStrategy.java:677) ~[ojdbc8-21.3.0.0.jar:21.3.0.0.0]
	at oracle.net.resolver.AddrResolution.resolveAndExecute(AddrResolution.java:568) ~[ojdbc8-21.3.0.0.jar:21.3.0.0.0]
	at oracle.net.ns.NSProtocol.establishConnection(NSProtocol.java:953) ~[ojdbc8-21.3.0.0.jar:21.3.0.0.0]
	at oracle.net.ns.NSProtocol.connect(NSProtocol.java:350) ~[ojdbc8-21.3.0.0.jar:21.3.0.0.0]
	at oracle.jdbc.driver.T4CConnection.connect(T4CConnection.java:1969) ~[ojdbc8-21.3.0.0.jar:21.3.0.0.0]
	at oracle.jdbc.driver.T4CConnection.logon(T4CConnection.java:642) ~[ojdbc8-21.3.0.0.jar:21.3.0.0.0]
	... 42 more
Caused by: java.net.UnknownHostException: DESKTOP-KE8PIDS
	at java.net.InetAddress.getAllByName0(InetAddress.java:1281) ~[?:1.8.0_291]
	at java.net.InetAddress.getAllByName(InetAddress.java:1193) ~[?:1.8.0_291]
	at java.net.InetAddress.getAllByName(InetAddress.java:1127) ~[?:1.8.0_291]
	at oracle.net.nt.TcpNTAdapter.resolveInetAddresses(TcpNTAdapter.java:571) ~[ojdbc8-21.3.0.0.jar:21.3.0.0.0]
	at oracle.net.nt.TcpNTAdapter.doLocalDNSLookupConnect(TcpNTAdapter.java:296) ~[ojdbc8-21.3.0.0.jar:21.3.0.0.0]
	at oracle.net.nt.TcpNTAdapter.connect(TcpNTAdapter.java:265) ~[ojdbc8-21.3.0.0.jar:21.3.0.0.0]
	at oracle.net.nt.ConnOption.connect(ConnOption.java:238) ~[ojdbc8-21.3.0.0.jar:21.3.0.0.0]
	at oracle.net.nt.ConnStrategy.executeConnOption(ConnStrategy.java:902) ~[ojdbc8-21.3.0.0.jar:21.3.0.0.0]
	at oracle.net.nt.ConnStrategy.execute(ConnStrategy.java:638) ~[ojdbc8-21.3.0.0.jar:21.3.0.0.0]
	at oracle.net.resolver.AddrResolution.resolveAndExecute(AddrResolution.java:568) ~[ojdbc8-21.3.0.0.jar:21.3.0.0.0]
	at oracle.net.ns.NSProtocol.establishConnection(NSProtocol.java:953) ~[ojdbc8-21.3.0.0.jar:21.3.0.0.0]
	at oracle.net.ns.NSProtocol.connect(NSProtocol.java:350) ~[ojdbc8-21.3.0.0.jar:21.3.0.0.0]
	at oracle.jdbc.driver.T4CConnection.connect(T4CConnection.java:1969) ~[ojdbc8-21.3.0.0.jar:21.3.0.0.0]
	at oracle.jdbc.driver.T4CConnection.logon(T4CConnection.java:642) ~[ojdbc8-21.3.0.0.jar:21.3.0.0.0]
	... 42 more
2022-03-17 20:00:37,226 ERROR c.z.h.p.HikariPool [main] HikariPool-1 - Exception during pool initialization.
java.sql.SQLRecoverableException: Error de E/S: The Network Adapter could not establish the connection (CONNECTION_ID=Jrhgb/vpTIG1clnQglmfIg==)
	at oracle.jdbc.driver.T4CConnection.handleLogonNetException(T4CConnection.java:872) ~[ojdbc8-21.3.0.0.jar:21.3.0.0.0]
	at oracle.jdbc.driver.T4CConnection.logon(T4CConnection.java:677) ~[ojdbc8-21.3.0.0.jar:21.3.0.0.0]
	at oracle.jdbc.driver.PhysicalConnection.connect(PhysicalConnection.java:1039) ~[ojdbc8-21.3.0.0.jar:21.3.0.0.0]
	at oracle.jdbc.driver.T4CDriverExtension.getConnection(T4CDriverExtension.java:90) ~[ojdbc8-21.3.0.0.jar:21.3.0.0.0]
	at oracle.jdbc.driver.OracleDriver.connect(OracleDriver.java:728) ~[ojdbc8-21.3.0.0.jar:21.3.0.0.0]
	at oracle.jdbc.driver.OracleDriver.connect(OracleDriver.java:649) ~[ojdbc8-21.3.0.0.jar:21.3.0.0.0]
	at com.zaxxer.hikari.util.DriverDataSource.getConnection(DriverDataSource.java:138) ~[HikariCP-4.0.3.jar:?]
	at com.zaxxer.hikari.pool.PoolBase.newConnection(PoolBase.java:364) ~[HikariCP-4.0.3.jar:?]
	at com.zaxxer.hikari.pool.PoolBase.newPoolEntry(PoolBase.java:206) ~[HikariCP-4.0.3.jar:?]
	at com.zaxxer.hikari.pool.HikariPool.createPoolEntry(HikariPool.java:476) ~[HikariCP-4.0.3.jar:?]
	at com.zaxxer.hikari.pool.HikariPool.checkFailFast(HikariPool.java:561) ~[HikariCP-4.0.3.jar:?]
	at com.zaxxer.hikari.pool.HikariPool.<init>(HikariPool.java:115) ~[HikariCP-4.0.3.jar:?]
	at com.zaxxer.hikari.HikariDataSource.getConnection(HikariDataSource.java:112) ~[HikariCP-4.0.3.jar:?]
	at org.hibernate.engine.jdbc.connections.internal.DatasourceConnectionProviderImpl.getConnection(DatasourceConnectionProviderImpl.java:122) ~[hibernate-core-5.6.5.Final.jar:5.6.5.Final]
	at org.hibernate.engine.jdbc.env.internal.JdbcEnvironmentInitiator$ConnectionProviderJdbcConnectionAccess.obtainConnection(JdbcEnvironmentInitiator.java:181) ~[hibernate-core-5.6.5.Final.jar:5.6.5.Final]
	at org.hibernate.engine.jdbc.env.internal.JdbcEnvironmentInitiator.initiateService(JdbcEnvironmentInitiator.java:68) ~[hibernate-core-5.6.5.Final.jar:5.6.5.Final]
	at org.hibernate.engine.jdbc.env.internal.JdbcEnvironmentInitiator.initiateService(JdbcEnvironmentInitiator.java:35) ~[hibernate-core-5.6.5.Final.jar:5.6.5.Final]
	at org.hibernate.boot.registry.internal.StandardServiceRegistryImpl.initiateService(StandardServiceRegistryImpl.java:101) ~[hibernate-core-5.6.5.Final.jar:5.6.5.Final]
	at org.hibernate.service.internal.AbstractServiceRegistryImpl.createService(AbstractServiceRegistryImpl.java:263) ~[hibernate-core-5.6.5.Final.jar:5.6.5.Final]
	at org.hibernate.service.internal.AbstractServiceRegistryImpl.initializeService(AbstractServiceRegistryImpl.java:237) ~[hibernate-core-5.6.5.Final.jar:5.6.5.Final]
	at org.hibernate.service.internal.AbstractServiceRegistryImpl.getService(AbstractServiceRegistryImpl.java:214) ~[hibernate-core-5.6.5.Final.jar:5.6.5.Final]
	at org.hibernate.id.factory.internal.DefaultIdentifierGeneratorFactory.injectServices(DefaultIdentifierGeneratorFactory.java:175) ~[hibernate-core-5.6.5.Final.jar:5.6.5.Final]
	at org.hibernate.service.internal.AbstractServiceRegistryImpl.injectDependencies(AbstractServiceRegistryImpl.java:286) ~[hibernate-core-5.6.5.Final.jar:5.6.5.Final]
	at org.hibernate.service.internal.AbstractServiceRegistryImpl.initializeService(AbstractServiceRegistryImpl.java:243) ~[hibernate-core-5.6.5.Final.jar:5.6.5.Final]
	at org.hibernate.service.internal.AbstractServiceRegistryImpl.getService(AbstractServiceRegistryImpl.java:214) ~[hibernate-core-5.6.5.Final.jar:5.6.5.Final]
	at org.hibernate.boot.internal.InFlightMetadataCollectorImpl.<init>(InFlightMetadataCollectorImpl.java:173) ~[hibernate-core-5.6.5.Final.jar:5.6.5.Final]
	at org.hibernate.boot.model.process.spi.MetadataBuildingProcess.complete(MetadataBuildingProcess.java:127) ~[hibernate-core-5.6.5.Final.jar:5.6.5.Final]
	at org.hibernate.jpa.boot.internal.EntityManagerFactoryBuilderImpl.metadata(EntityManagerFactoryBuilderImpl.java:1460) ~[hibernate-core-5.6.5.Final.jar:5.6.5.Final]
	at org.hibernate.jpa.boot.internal.EntityManagerFactoryBuilderImpl.build(EntityManagerFactoryBuilderImpl.java:1494) ~[hibernate-core-5.6.5.Final.jar:5.6.5.Final]
	at org.springframework.orm.jpa.vendor.SpringHibernateJpaPersistenceProvider.createContainerEntityManagerFactory(SpringHibernateJpaPersistenceProvider.java:58) ~[spring-orm-5.3.16.jar:5.3.16]
	at org.springframework.orm.jpa.LocalContainerEntityManagerFactoryBean.createNativeEntityManagerFactory(LocalContainerEntityManagerFactoryBean.java:365) ~[spring-orm-5.3.16.jar:5.3.16]
	at org.springframework.orm.jpa.AbstractEntityManagerFactoryBean.buildNativeEntityManagerFactory(AbstractEntityManagerFactoryBean.java:409) ~[spring-orm-5.3.16.jar:5.3.16]
	at org.springframework.orm.jpa.AbstractEntityManagerFactoryBean.afterPropertiesSet(AbstractEntityManagerFactoryBean.java:396) ~[spring-orm-5.3.16.jar:5.3.16]
	at org.springframework.orm.jpa.LocalContainerEntityManagerFactoryBean.afterPropertiesSet(LocalContainerEntityManagerFactoryBean.java:341) ~[spring-orm-5.3.16.jar:5.3.16]
	at org.springframework.beans.factory.support.AbstractAutowireCapableBeanFactory.invokeInitMethods(AbstractAutowireCapableBeanFactory.java:1863) ~[spring-beans-5.3.16.jar:5.3.16]
	at org.springframework.beans.factory.support.AbstractAutowireCapableBeanFactory.initializeBean(AbstractAutowireCapableBeanFactory.java:1800) ~[spring-beans-5.3.16.jar:5.3.16]
	at org.springframework.beans.factory.support.AbstractAutowireCapableBeanFactory.doCreateBean(AbstractAutowireCapableBeanFactory.java:620) ~[spring-beans-5.3.16.jar:5.3.16]
	at org.springframework.beans.factory.support.AbstractAutowireCapableBeanFactory.createBean(AbstractAutowireCapableBeanFactory.java:542) ~[spring-beans-5.3.16.jar:5.3.16]
	at org.springframework.beans.factory.support.AbstractBeanFactory.lambda$doGetBean$0(AbstractBeanFactory.java:335) ~[spring-beans-5.3.16.jar:5.3.16]
	at org.springframework.beans.factory.support.DefaultSingletonBeanRegistry.getSingleton(DefaultSingletonBeanRegistry.java:234) [spring-beans-5.3.16.jar:5.3.16]
	at org.springframework.beans.factory.support.AbstractBeanFactory.doGetBean(AbstractBeanFactory.java:333) [spring-beans-5.3.16.jar:5.3.16]
	at org.springframework.beans.factory.support.AbstractBeanFactory.getBean(AbstractBeanFactory.java:208) [spring-beans-5.3.16.jar:5.3.16]
	at org.springframework.context.support.AbstractApplicationContext.getBean(AbstractApplicationContext.java:1154) [spring-context-5.3.16.jar:5.3.16]
	at org.springframework.context.support.AbstractApplicationContext.finishBeanFactoryInitialization(AbstractApplicationContext.java:908) [spring-context-5.3.16.jar:5.3.16]
	at org.springframework.context.support.AbstractApplicationContext.refresh(AbstractApplicationContext.java:583) [spring-context-5.3.16.jar:5.3.16]
	at org.springframework.boot.web.servlet.context.ServletWebServerApplicationContext.refresh(ServletWebServerApplicationContext.java:145) [spring-boot-2.6.4.jar:2.6.4]
	at org.springframework.boot.SpringApplication.refresh(SpringApplication.java:740) [spring-boot-2.6.4.jar:2.6.4]
	at org.springframework.boot.SpringApplication.refreshContext(SpringApplication.java:415) [spring-boot-2.6.4.jar:2.6.4]
	at org.springframework.boot.SpringApplication.run(SpringApplication.java:303) [spring-boot-2.6.4.jar:2.6.4]
	at org.springframework.boot.SpringApplication.run(SpringApplication.java:1312) [spring-boot-2.6.4.jar:2.6.4]
	at org.springframework.boot.SpringApplication.run(SpringApplication.java:1301) [spring-boot-2.6.4.jar:2.6.4]
	at com.isantospro.interviews.InterviewsApplication.main(InterviewsApplication.java:10) [classes/:?]
Caused by: oracle.net.ns.NetException: The Network Adapter could not establish the connection (CONNECTION_ID=Jrhgb/vpTIG1clnQglmfIg==)
	at oracle.net.nt.ConnStrategy.execute(ConnStrategy.java:677) ~[ojdbc8-21.3.0.0.jar:21.3.0.0.0]
	at oracle.net.resolver.AddrResolution.resolveAndExecute(AddrResolution.java:568) ~[ojdbc8-21.3.0.0.jar:21.3.0.0.0]
	at oracle.net.ns.NSProtocol.establishConnection(NSProtocol.java:953) ~[ojdbc8-21.3.0.0.jar:21.3.0.0.0]
	at oracle.net.ns.NSProtocol.connect(NSProtocol.java:350) ~[ojdbc8-21.3.0.0.jar:21.3.0.0.0]
	at oracle.jdbc.driver.T4CConnection.connect(T4CConnection.java:1969) ~[ojdbc8-21.3.0.0.jar:21.3.0.0.0]
	at oracle.jdbc.driver.T4CConnection.logon(T4CConnection.java:642) ~[ojdbc8-21.3.0.0.jar:21.3.0.0.0]
	... 50 more
Caused by: java.net.UnknownHostException: DESKTOP-KE8PIDS
	at java.net.InetAddress.getAllByName0(InetAddress.java:1281) ~[?:1.8.0_291]
	at java.net.InetAddress.getAllByName(InetAddress.java:1193) ~[?:1.8.0_291]
	at java.net.InetAddress.getAllByName(InetAddress.java:1127) ~[?:1.8.0_291]
	at oracle.net.nt.TcpNTAdapter.resolveInetAddresses(TcpNTAdapter.java:571) ~[ojdbc8-21.3.0.0.jar:21.3.0.0.0]
	at oracle.net.nt.TcpNTAdapter.doLocalDNSLookupConnect(TcpNTAdapter.java:296) ~[ojdbc8-21.3.0.0.jar:21.3.0.0.0]
	at oracle.net.nt.TcpNTAdapter.connect(TcpNTAdapter.java:265) ~[ojdbc8-21.3.0.0.jar:21.3.0.0.0]
	at oracle.net.nt.ConnOption.connect(ConnOption.java:238) ~[ojdbc8-21.3.0.0.jar:21.3.0.0.0]
	at oracle.net.nt.ConnStrategy.executeConnOption(ConnStrategy.java:902) ~[ojdbc8-21.3.0.0.jar:21.3.0.0.0]
	at oracle.net.nt.ConnStrategy.execute(ConnStrategy.java:638) ~[ojdbc8-21.3.0.0.jar:21.3.0.0.0]
	at oracle.net.resolver.AddrResolution.resolveAndExecute(AddrResolution.java:568) ~[ojdbc8-21.3.0.0.jar:21.3.0.0.0]
	at oracle.net.ns.NSProtocol.establishConnection(NSProtocol.java:953) ~[ojdbc8-21.3.0.0.jar:21.3.0.0.0]
	at oracle.net.ns.NSProtocol.connect(NSProtocol.java:350) ~[ojdbc8-21.3.0.0.jar:21.3.0.0.0]
	at oracle.jdbc.driver.T4CConnection.connect(T4CConnection.java:1969) ~[ojdbc8-21.3.0.0.jar:21.3.0.0.0]
	at oracle.jdbc.driver.T4CConnection.logon(T4CConnection.java:642) ~[ojdbc8-21.3.0.0.jar:21.3.0.0.0]
	... 50 more
2022-03-17 20:00:39,131 ERROR c.z.h.p.HikariPool [main] HikariPool-1 - Exception during pool initialization.
java.sql.SQLRecoverableException: Error de E/S: The Network Adapter could not establish the connection (CONNECTION_ID=/042hImkSDCicdDEd969ig==)
	at oracle.jdbc.driver.T4CConnection.handleLogonNetException(T4CConnection.java:872) ~[ojdbc8-21.3.0.0.jar:21.3.0.0.0]
	at oracle.jdbc.driver.T4CConnection.logon(T4CConnection.java:677) ~[ojdbc8-21.3.0.0.jar:21.3.0.0.0]
	at oracle.jdbc.driver.PhysicalConnection.connect(PhysicalConnection.java:1039) ~[ojdbc8-21.3.0.0.jar:21.3.0.0.0]
	at oracle.jdbc.driver.T4CDriverExtension.getConnection(T4CDriverExtension.java:90) ~[ojdbc8-21.3.0.0.jar:21.3.0.0.0]
	at oracle.jdbc.driver.OracleDriver.connect(OracleDriver.java:728) ~[ojdbc8-21.3.0.0.jar:21.3.0.0.0]
	at oracle.jdbc.driver.OracleDriver.connect(OracleDriver.java:649) ~[ojdbc8-21.3.0.0.jar:21.3.0.0.0]
	at com.zaxxer.hikari.util.DriverDataSource.getConnection(DriverDataSource.java:138) ~[HikariCP-4.0.3.jar:?]
	at com.zaxxer.hikari.pool.PoolBase.newConnection(PoolBase.java:364) ~[HikariCP-4.0.3.jar:?]
	at com.zaxxer.hikari.pool.PoolBase.newPoolEntry(PoolBase.java:206) ~[HikariCP-4.0.3.jar:?]
	at com.zaxxer.hikari.pool.HikariPool.createPoolEntry(HikariPool.java:476) ~[HikariCP-4.0.3.jar:?]
	at com.zaxxer.hikari.pool.HikariPool.checkFailFast(HikariPool.java:561) ~[HikariCP-4.0.3.jar:?]
	at com.zaxxer.hikari.pool.HikariPool.<init>(HikariPool.java:115) ~[HikariCP-4.0.3.jar:?]
	at com.zaxxer.hikari.HikariDataSource.getConnection(HikariDataSource.java:112) ~[HikariCP-4.0.3.jar:?]
	at org.springframework.jdbc.datasource.DataSourceUtils.fetchConnection(DataSourceUtils.java:159) ~[spring-jdbc-5.3.16.jar:5.3.16]
	at org.springframework.jdbc.datasource.DataSourceUtils.doGetConnection(DataSourceUtils.java:117) ~[spring-jdbc-5.3.16.jar:5.3.16]
	at org.springframework.jdbc.datasource.DataSourceUtils.getConnection(DataSourceUtils.java:80) ~[spring-jdbc-5.3.16.jar:5.3.16]
	at org.springframework.jdbc.core.JdbcTemplate.execute(JdbcTemplate.java:330) ~[spring-jdbc-5.3.16.jar:5.3.16]
	at org.springframework.data.jdbc.repository.config.DialectResolver$DefaultDialectProvider.getDialect(DialectResolver.java:108) ~[spring-data-jdbc-2.3.2.jar:2.3.2]
	at org.springframework.data.jdbc.repository.config.DialectResolver.lambda$getDialect$0(DialectResolver.java:78) ~[spring-data-jdbc-2.3.2.jar:2.3.2]
	at java.util.stream.ReferencePipeline$3$1.accept(ReferencePipeline.java:193) ~[?:1.8.0_291]
	at java.util.ArrayList$ArrayListSpliterator.tryAdvance(ArrayList.java:1361) ~[?:1.8.0_291]
	at java.util.stream.ReferencePipeline.forEachWithCancel(ReferencePipeline.java:126) ~[?:1.8.0_291]
	at java.util.stream.AbstractPipeline.copyIntoWithCancel(AbstractPipeline.java:499) ~[?:1.8.0_291]
	at java.util.stream.AbstractPipeline.copyInto(AbstractPipeline.java:486) ~[?:1.8.0_291]
	at java.util.stream.AbstractPipeline.wrapAndCopyInto(AbstractPipeline.java:472) ~[?:1.8.0_291]
	at java.util.stream.FindOps$FindOp.evaluateSequential(FindOps.java:152) ~[?:1.8.0_291]
	at java.util.stream.AbstractPipeline.evaluate(AbstractPipeline.java:234) ~[?:1.8.0_291]
	at java.util.stream.ReferencePipeline.findFirst(ReferencePipeline.java:464) ~[?:1.8.0_291]
	at org.springframework.data.jdbc.repository.config.DialectResolver.getDialect(DialectResolver.java:80) ~[spring-data-jdbc-2.3.2.jar:2.3.2]
	at org.springframework.data.jdbc.repository.config.AbstractJdbcConfiguration.jdbcDialect(AbstractJdbcConfiguration.java:193) ~[spring-data-jdbc-2.3.2.jar:2.3.2]
	at sun.reflect.NativeMethodAccessorImpl.invoke0(Native Method) ~[?:1.8.0_291]
	at sun.reflect.NativeMethodAccessorImpl.invoke(NativeMethodAccessorImpl.java:62) ~[?:1.8.0_291]
	at sun.reflect.DelegatingMethodAccessorImpl.invoke(DelegatingMethodAccessorImpl.java:43) ~[?:1.8.0_291]
	at java.lang.reflect.Method.invoke(Method.java:498) ~[?:1.8.0_291]
	at org.springframework.beans.factory.support.SimpleInstantiationStrategy.instantiate(SimpleInstantiationStrategy.java:154) ~[spring-beans-5.3.16.jar:5.3.16]
	at org.springframework.beans.factory.support.ConstructorResolver.instantiate(ConstructorResolver.java:653) ~[spring-beans-5.3.16.jar:5.3.16]
	at org.springframework.beans.factory.support.ConstructorResolver.instantiateUsingFactoryMethod(ConstructorResolver.java:638) ~[spring-beans-5.3.16.jar:5.3.16]
	at org.springframework.beans.factory.support.AbstractAutowireCapableBeanFactory.instantiateUsingFactoryMethod(AbstractAutowireCapableBeanFactory.java:1352) ~[spring-beans-5.3.16.jar:5.3.16]
	at org.springframework.beans.factory.support.AbstractAutowireCapableBeanFactory.createBeanInstance(AbstractAutowireCapableBeanFactory.java:1195) ~[spring-beans-5.3.16.jar:5.3.16]
	at org.springframework.beans.factory.support.AbstractAutowireCapableBeanFactory.doCreateBean(AbstractAutowireCapableBeanFactory.java:582) ~[spring-beans-5.3.16.jar:5.3.16]
	at org.springframework.beans.factory.support.AbstractAutowireCapableBeanFactory.createBean(AbstractAutowireCapableBeanFactory.java:542) ~[spring-beans-5.3.16.jar:5.3.16]
	at org.springframework.beans.factory.support.AbstractBeanFactory.lambda$doGetBean$0(AbstractBeanFactory.java:335) ~[spring-beans-5.3.16.jar:5.3.16]
	at org.springframework.beans.factory.support.DefaultSingletonBeanRegistry.getSingleton(DefaultSingletonBeanRegistry.java:234) ~[spring-beans-5.3.16.jar:5.3.16]
	at org.springframework.beans.factory.support.AbstractBeanFactory.doGetBean(AbstractBeanFactory.java:333) ~[spring-beans-5.3.16.jar:5.3.16]
	at org.springframework.beans.factory.support.AbstractBeanFactory.getBean(AbstractBeanFactory.java:233) ~[spring-beans-5.3.16.jar:5.3.16]
	at org.springframework.beans.factory.support.DefaultListableBeanFactory.resolveNamedBean(DefaultListableBeanFactory.java:1282) ~[spring-beans-5.3.16.jar:5.3.16]
	at org.springframework.beans.factory.support.DefaultListableBeanFactory.resolveNamedBean(DefaultListableBeanFactory.java:1243) ~[spring-beans-5.3.16.jar:5.3.16]
	at org.springframework.beans.factory.support.DefaultListableBeanFactory.resolveBean(DefaultListableBeanFactory.java:494) ~[spring-beans-5.3.16.jar:5.3.16]
	at org.springframework.beans.factory.support.DefaultListableBeanFactory.getBean(DefaultListableBeanFactory.java:349) ~[spring-beans-5.3.16.jar:5.3.16]
	at org.springframework.beans.factory.support.DefaultListableBeanFactory.getBean(DefaultListableBeanFactory.java:342) ~[spring-beans-5.3.16.jar:5.3.16]
	at org.springframework.context.support.AbstractApplicationContext.getBean(AbstractApplicationContext.java:1172) ~[spring-context-5.3.16.jar:5.3.16]
	at org.springframework.data.jdbc.repository.config.AbstractJdbcConfiguration.jdbcCustomConversions(AbstractJdbcConfiguration.java:125) ~[spring-data-jdbc-2.3.2.jar:2.3.2]
	at sun.reflect.NativeMethodAccessorImpl.invoke0(Native Method) ~[?:1.8.0_291]
	at sun.reflect.NativeMethodAccessorImpl.invoke(NativeMethodAccessorImpl.java:62) ~[?:1.8.0_291]
	at sun.reflect.DelegatingMethodAccessorImpl.invoke(DelegatingMethodAccessorImpl.java:43) ~[?:1.8.0_291]
	at java.lang.reflect.Method.invoke(Method.java:498) ~[?:1.8.0_291]
	at org.springframework.beans.factory.support.SimpleInstantiationStrategy.instantiate(SimpleInstantiationStrategy.java:154) ~[spring-beans-5.3.16.jar:5.3.16]
	at org.springframework.beans.factory.support.ConstructorResolver.instantiate(ConstructorResolver.java:653) ~[spring-beans-5.3.16.jar:5.3.16]
	at org.springframework.beans.factory.support.ConstructorResolver.instantiateUsingFactoryMethod(ConstructorResolver.java:486) ~[spring-beans-5.3.16.jar:5.3.16]
	at org.springframework.beans.factory.support.AbstractAutowireCapableBeanFactory.instantiateUsingFactoryMethod(AbstractAutowireCapableBeanFactory.java:1352) ~[spring-beans-5.3.16.jar:5.3.16]
	at org.springframework.beans.factory.support.AbstractAutowireCapableBeanFactory.createBeanInstance(AbstractAutowireCapableBeanFactory.java:1195) ~[spring-beans-5.3.16.jar:5.3.16]
	at org.springframework.beans.factory.support.AbstractAutowireCapableBeanFactory.doCreateBean(AbstractAutowireCapableBeanFactory.java:582) ~[spring-beans-5.3.16.jar:5.3.16]
	at org.springframework.beans.factory.support.AbstractAutowireCapableBeanFactory.createBean(AbstractAutowireCapableBeanFactory.java:542) ~[spring-beans-5.3.16.jar:5.3.16]
	at org.springframework.beans.factory.support.AbstractBeanFactory.lambda$doGetBean$0(AbstractBeanFactory.java:335) ~[spring-beans-5.3.16.jar:5.3.16]
	at org.springframework.beans.factory.support.DefaultSingletonBeanRegistry.getSingleton(DefaultSingletonBeanRegistry.java:234) ~[spring-beans-5.3.16.jar:5.3.16]
	at org.springframework.beans.factory.support.AbstractBeanFactory.doGetBean(AbstractBeanFactory.java:333) ~[spring-beans-5.3.16.jar:5.3.16]
	at org.springframework.beans.factory.support.AbstractBeanFactory.getBean(AbstractBeanFactory.java:208) ~[spring-beans-5.3.16.jar:5.3.16]
	at org.springframework.beans.factory.config.DependencyDescriptor.resolveCandidate(DependencyDescriptor.java:276) ~[spring-beans-5.3.16.jar:5.3.16]
	at org.springframework.beans.factory.support.DefaultListableBeanFactory.doResolveDependency(DefaultListableBeanFactory.java:1389) ~[spring-beans-5.3.16.jar:5.3.16]
	at org.springframework.beans.factory.support.DefaultListableBeanFactory.resolveDependency(DefaultListableBeanFactory.java:1309) ~[spring-beans-5.3.16.jar:5.3.16]
	at org.springframework.beans.factory.support.ConstructorResolver.resolveAutowiredArgument(ConstructorResolver.java:887) ~[spring-beans-5.3.16.jar:5.3.16]
	at org.springframework.beans.factory.support.ConstructorResolver.createArgumentArray(ConstructorResolver.java:791) ~[spring-beans-5.3.16.jar:5.3.16]
	at org.springframework.beans.factory.support.ConstructorResolver.instantiateUsingFactoryMethod(ConstructorResolver.java:541) ~[spring-beans-5.3.16.jar:5.3.16]
	at org.springframework.beans.factory.support.AbstractAutowireCapableBeanFactory.instantiateUsingFactoryMethod(AbstractAutowireCapableBeanFactory.java:1352) ~[spring-beans-5.3.16.jar:5.3.16]
	at org.springframework.beans.factory.support.AbstractAutowireCapableBeanFactory.createBeanInstance(AbstractAutowireCapableBeanFactory.java:1195) ~[spring-beans-5.3.16.jar:5.3.16]
	at org.springframework.beans.factory.support.AbstractAutowireCapableBeanFactory.doCreateBean(AbstractAutowireCapableBeanFactory.java:582) ~[spring-beans-5.3.16.jar:5.3.16]
	at org.springframework.beans.factory.support.AbstractAutowireCapableBeanFactory.createBean(AbstractAutowireCapableBeanFactory.java:542) ~[spring-beans-5.3.16.jar:5.3.16]
	at org.springframework.beans.factory.support.AbstractBeanFactory.lambda$doGetBean$0(AbstractBeanFactory.java:335) ~[spring-beans-5.3.16.jar:5.3.16]
	at org.springframework.beans.factory.support.DefaultSingletonBeanRegistry.getSingleton(DefaultSingletonBeanRegistry.java:234) [spring-beans-5.3.16.jar:5.3.16]
	at org.springframework.beans.factory.support.AbstractBeanFactory.doGetBean(AbstractBeanFactory.java:333) [spring-beans-5.3.16.jar:5.3.16]
	at org.springframework.beans.factory.support.AbstractBeanFactory.getBean(AbstractBeanFactory.java:208) [spring-beans-5.3.16.jar:5.3.16]
	at org.springframework.beans.factory.support.DefaultListableBeanFactory.preInstantiateSingletons(DefaultListableBeanFactory.java:953) [spring-beans-5.3.16.jar:5.3.16]
	at org.springframework.context.support.AbstractApplicationContext.finishBeanFactoryInitialization(AbstractApplicationContext.java:918) [spring-context-5.3.16.jar:5.3.16]
	at org.springframework.context.support.AbstractApplicationContext.refresh(AbstractApplicationContext.java:583) [spring-context-5.3.16.jar:5.3.16]
	at org.springframework.boot.web.servlet.context.ServletWebServerApplicationContext.refresh(ServletWebServerApplicationContext.java:145) [spring-boot-2.6.4.jar:2.6.4]
	at org.springframework.boot.SpringApplication.refresh(SpringApplication.java:740) [spring-boot-2.6.4.jar:2.6.4]
	at org.springframework.boot.SpringApplication.refreshContext(SpringApplication.java:415) [spring-boot-2.6.4.jar:2.6.4]
	at org.springframework.boot.SpringApplication.run(SpringApplication.java:303) [spring-boot-2.6.4.jar:2.6.4]
	at org.springframework.boot.SpringApplication.run(SpringApplication.java:1312) [spring-boot-2.6.4.jar:2.6.4]
	at org.springframework.boot.SpringApplication.run(SpringApplication.java:1301) [spring-boot-2.6.4.jar:2.6.4]
	at com.isantospro.interviews.InterviewsApplication.main(InterviewsApplication.java:10) [classes/:?]
Caused by: oracle.net.ns.NetException: The Network Adapter could not establish the connection (CONNECTION_ID=/042hImkSDCicdDEd969ig==)
	at oracle.net.nt.ConnStrategy.execute(ConnStrategy.java:677) ~[ojdbc8-21.3.0.0.jar:21.3.0.0.0]
	at oracle.net.resolver.AddrResolution.resolveAndExecute(AddrResolution.java:568) ~[ojdbc8-21.3.0.0.jar:21.3.0.0.0]
	at oracle.net.ns.NSProtocol.establishConnection(NSProtocol.java:953) ~[ojdbc8-21.3.0.0.jar:21.3.0.0.0]
	at oracle.net.ns.NSProtocol.connect(NSProtocol.java:350) ~[ojdbc8-21.3.0.0.jar:21.3.0.0.0]
	at oracle.jdbc.driver.T4CConnection.connect(T4CConnection.java:1969) ~[ojdbc8-21.3.0.0.jar:21.3.0.0.0]
	at oracle.jdbc.driver.T4CConnection.logon(T4CConnection.java:642) ~[ojdbc8-21.3.0.0.jar:21.3.0.0.0]
	... 89 more
Caused by: java.net.UnknownHostException: DESKTOP-KE8PIDS
	at java.net.InetAddress.getAllByName0(InetAddress.java:1281) ~[?:1.8.0_291]
	at java.net.InetAddress.getAllByName(InetAddress.java:1193) ~[?:1.8.0_291]
	at java.net.InetAddress.getAllByName(InetAddress.java:1127) ~[?:1.8.0_291]
	at oracle.net.nt.TcpNTAdapter.resolveInetAddresses(TcpNTAdapter.java:571) ~[ojdbc8-21.3.0.0.jar:21.3.0.0.0]
	at oracle.net.nt.TcpNTAdapter.doLocalDNSLookupConnect(TcpNTAdapter.java:296) ~[ojdbc8-21.3.0.0.jar:21.3.0.0.0]
	at oracle.net.nt.TcpNTAdapter.connect(TcpNTAdapter.java:265) ~[ojdbc8-21.3.0.0.jar:21.3.0.0.0]
	at oracle.net.nt.ConnOption.connect(ConnOption.java:238) ~[ojdbc8-21.3.0.0.jar:21.3.0.0.0]
	at oracle.net.nt.ConnStrategy.executeConnOption(ConnStrategy.java:902) ~[ojdbc8-21.3.0.0.jar:21.3.0.0.0]
	at oracle.net.nt.ConnStrategy.execute(ConnStrategy.java:638) ~[ojdbc8-21.3.0.0.jar:21.3.0.0.0]
	at oracle.net.resolver.AddrResolution.resolveAndExecute(AddrResolution.java:568) ~[ojdbc8-21.3.0.0.jar:21.3.0.0.0]
	at oracle.net.ns.NSProtocol.establishConnection(NSProtocol.java:953) ~[ojdbc8-21.3.0.0.jar:21.3.0.0.0]
	at oracle.net.ns.NSProtocol.connect(NSProtocol.java:350) ~[ojdbc8-21.3.0.0.jar:21.3.0.0.0]
	at oracle.jdbc.driver.T4CConnection.connect(T4CConnection.java:1969) ~[ojdbc8-21.3.0.0.jar:21.3.0.0.0]
	at oracle.jdbc.driver.T4CConnection.logon(T4CConnection.java:642) ~[ojdbc8-21.3.0.0.jar:21.3.0.0.0]
	... 89 more
